<?xml version="1.0" encoding="UTF-8"?>
<testng-results skipped="0" failed="0" ignored="0" total="4" passed="4">
  <reporter-output>
  </reporter-output>
  <suite name="Default suite" duration-ms="20997" started-at="2020-07-13T00:41:54 CAT" finished-at="2020-07-13T00:42:15 CAT">
    <groups>
    </groups>
    <test name="Default test" duration-ms="20997" started-at="2020-07-13T00:41:54 CAT" finished-at="2020-07-13T00:42:15 CAT">
      <class name="test.TestDogPage">
        <test-method status="PASS" signature="setUp()[pri:0, instance:test.TestDogPage@3b084709]" name="setUp" is-config="true" duration-ms="7162" started-at="2020-07-13T00:41:54 CAT" finished-at="2020-07-13T00:42:01 CAT">
          <reporter-output>
          </reporter-output>
        </test-method> <!-- setUp -->
        <test-method status="PASS" signature="goToHomePage()[pri:0, instance:test.TestDogPage@3b084709]" name="goToHomePage" duration-ms="1014" started-at="2020-07-13T00:42:01 CAT" finished-at="2020-07-13T00:42:02 CAT">
          <reporter-output>
          </reporter-output>
        </test-method> <!-- goToHomePage -->
        <test-method status="PASS" signature="retrieveRandomImage()[pri:1, instance:test.TestDogPage@3b084709]" name="retrieveRandomImage" duration-ms="869" started-at="2020-07-13T00:42:02 CAT" finished-at="2020-07-13T00:42:03 CAT">
          <reporter-output>
          </reporter-output>
        </test-method> <!-- retrieveRandomImage -->
        <test-method status="PASS" signature="retrieveDesiredBreed()[pri:2, instance:test.TestDogPage@3b084709]" name="retrieveDesiredBreed" duration-ms="11120" started-at="2020-07-13T00:42:03 CAT" finished-at="2020-07-13T00:42:14 CAT">
          <reporter-output>
          </reporter-output>
        </test-method> <!-- retrieveDesiredBreed -->
        <test-method status="PASS" signature="enterAnEmailAddress()[pri:3, instance:test.TestDogPage@3b084709]" name="enterAnEmailAddress" duration-ms="746" started-at="2020-07-13T00:42:14 CAT" finished-at="2020-07-13T00:42:14 CAT">
          <reporter-output>
          </reporter-output>
        </test-method> <!-- enterAnEmailAddress -->
        <test-method status="PASS" signature="closeDriver()[pri:0, instance:test.TestDogPage@3b084709]" name="closeDriver" is-config="true" duration-ms="54" started-at="2020-07-13T00:42:14 CAT" finished-at="2020-07-13T00:42:15 CAT">
          <reporter-output>
          </reporter-output>
        </test-method> <!-- closeDriver -->
      </class> <!-- test.TestDogPage -->
    </test> <!-- Default test -->
  </suite> <!-- Default suite -->
</testng-results>
