<?xml version="1.0" encoding="UTF-8"?>
<!-- Generated by org.testng.reporters.JUnitXMLReporter -->
<testsuite hostname="DESKTOP-9H1HMTO" ignored="0" name="Default test" tests="4" failures="0" timestamp="2020-07-13T00:42:15 CAT" time="20.997" errors="0">
  <testcase name="goToHomePage" time="1.014" classname="test.TestDogPage"/>
  <testcase name="retrieveRandomImage" time="0.869" classname="test.TestDogPage"/>
  <testcase name="retrieveDesiredBreed" time="11.12" classname="test.TestDogPage"/>
  <testcase name="enterAnEmailAddress" time="0.746" classname="test.TestDogPage"/>
</testsuite> <!-- Default test -->
