<?xml version="1.0" encoding="UTF-8"?>
<!-- Generated by org.testng.reporters.JUnitXMLReporter -->
<testsuite hostname="DESKTOP-9H1HMTO" ignored="2" name="Test 1" tests="1" failures="0" timestamp="2020-07-13T00:39:45 CAT" time="11.037" errors="0">
  <testcase name="viewGenres" time="2.711" classname="test.appiumTester"/>
  <testcase name="playRockSong" time="0.0" classname="test.appiumTester">
    <ignored/>
  </testcase> <!-- playRockSong -->
  <testcase name="viewSongsAreDisplayed" time="0.0" classname="test.appiumTester">
    <ignored/>
  </testcase> <!-- viewSongsAreDisplayed -->
</testsuite> <!-- Test 1 -->
