<?xml version="1.0" encoding="UTF-8"?>
<!-- Generated by org.testng.reporters.JUnitXMLReporter -->
<testsuite hostname="DESKTOP-9H1HMTO" ignored="2" name="Test 3" tests="1" failures="0" timestamp="2020-07-13T00:40:26 CAT" time="16.659" errors="0">
  <testcase name="viewSongsAreDisplayed" time="8.147" classname="test.appiumTester"/>
  <testcase name="viewGenres" time="0.0" classname="test.appiumTester">
    <ignored/>
  </testcase> <!-- viewGenres -->
  <testcase name="playRockSong" time="0.0" classname="test.appiumTester">
    <ignored/>
  </testcase> <!-- playRockSong -->
</testsuite> <!-- Test 3 -->
