<?xml version="1.0" encoding="UTF-8"?>
<!-- Generated by org.testng.reporters.JUnitXMLReporter -->
<testsuite hostname="DESKTOP-9H1HMTO" ignored="2" name="Test 2" tests="1" failures="0" timestamp="2020-07-13T00:40:09 CAT" time="24.307" errors="0">
  <testcase name="playRockSong" time="15.87" classname="test.appiumTester"/>
  <testcase name="viewGenres" time="0.0" classname="test.appiumTester">
    <ignored/>
  </testcase> <!-- viewGenres -->
  <testcase name="viewSongsAreDisplayed" time="0.0" classname="test.appiumTester">
    <ignored/>
  </testcase> <!-- viewSongsAreDisplayed -->
</testsuite> <!-- Test 2 -->
