<?xml version="1.0" encoding="UTF-8"?>
<!-- Generated by org.testng.reporters.JUnitReportReporter -->
<testsuite skipped="0" hostname="DESKTOP-9H1HMTO" name="gkAutomationAssessment.TestDogPage" tests="4" failures="0" timestamp="2020-07-12T23:56:13 CAT" time="14.055" errors="0">
  <testcase name="goToHomePage" time="1.032" classname="gkAutomationAssessment.TestDogPage"/>
  <system-out/>
  <testcase name="retrieveRandomImage" time="1.064" classname="gkAutomationAssessment.TestDogPage"/>
  <system-out/>
  <testcase name="retrieveDesiredBreed" time="11.431" classname="gkAutomationAssessment.TestDogPage"/>
  <system-out/>
  <testcase name="enterAnEmailAddress" time="0.528" classname="gkAutomationAssessment.TestDogPage"/>
  <system-out/>
</testsuite> <!-- gkAutomationAssessment.TestDogPage -->
