<?xml version="1.0" encoding="UTF-8"?>
<!-- Generated by org.testng.reporters.JUnitReportReporter -->
<testsuite skipped="0" hostname="DESKTOP-9H1HMTO" name="test.TestDogPage" tests="4" failures="0" timestamp="2020-07-13T00:42:15 CAT" time="13.749" errors="0">
  <testcase name="goToHomePage" time="1.014" classname="test.TestDogPage"/>
  <system-out/>
  <testcase name="retrieveRandomImage" time="0.869" classname="test.TestDogPage"/>
  <system-out/>
  <testcase name="retrieveDesiredBreed" time="11.120" classname="test.TestDogPage"/>
  <system-out/>
  <testcase name="enterAnEmailAddress" time="0.746" classname="test.TestDogPage"/>
  <system-out/>
</testsuite> <!-- test.TestDogPage -->
