<?xml version="1.0" encoding="UTF-8"?>
<!-- Generated by org.testng.reporters.JUnitReportReporter -->
<testsuite skipped="0" hostname="DESKTOP-9H1HMTO" name="gkAutomationAssessment.appiumTester" tests="3" failures="0" timestamp="2020-07-13T00:01:21 CAT" time="26.360" errors="0">
  <testcase name="viewSongsAreDisplayed" time="8.502" classname="gkAutomationAssessment.appiumTester"/>
  <system-out/>
  <testcase name="viewGenres" time="2.661" classname="gkAutomationAssessment.appiumTester"/>
  <system-out/>
  <testcase name="playRockSong" time="15.197" classname="gkAutomationAssessment.appiumTester"/>
  <system-out/>
</testsuite> <!-- gkAutomationAssessment.appiumTester -->
