<?xml version="1.0" encoding="UTF-8"?>
<!-- Generated by org.testng.reporters.JUnitReportReporter -->
<testsuite skipped="0" hostname="DESKTOP-9H1HMTO" name="test.appiumTester" tests="3" failures="0" timestamp="2020-07-13T00:40:26 CAT" time="26.728" errors="0">
  <testcase name="viewSongsAreDisplayed" time="8.147" classname="test.appiumTester"/>
  <system-out/>
  <testcase name="viewGenres" time="2.711" classname="test.appiumTester"/>
  <system-out/>
  <testcase name="playRockSong" time="15.870" classname="test.appiumTester"/>
  <system-out/>
</testsuite> <!-- test.appiumTester -->
